0 info it worked if it ends with ok
1 verbose cli [ 'node', '/usr/local/bin/npm', 'install' ]
2 info using npm@1.4.28
3 info using node@v0.10.32
4 warn package.json ionicparseseed@1.0.0 No repository field.
5 warn package.json ionicparseseed@1.0.0 No README data
6 verbose readDependencies using package.json deps
7 verbose install where, deps [ '/Users/hoangnguyen/Documents/ionic/LifeSidekick',
7 verbose install   [ 'gulp',
7 verbose install     'gulp-sass',
7 verbose install     'gulp-concat',
7 verbose install     'gulp-minify-css',
7 verbose install     'gulp-rename',
7 verbose install     'bower',
7 verbose install     'gulp-util',
7 verbose install     'shelljs' ] ]
8 info preinstall ionicparseseed@1.0.0
9 verbose readDependencies using package.json deps
10 verbose cache add [ 'gulp@^3.5.6', null ]
11 verbose cache add name=undefined spec="gulp@^3.5.6" args=["gulp@^3.5.6",null]
12 verbose parsed url { protocol: null,
12 verbose parsed url   slashes: null,
12 verbose parsed url   auth: null,
12 verbose parsed url   host: null,
12 verbose parsed url   port: null,
12 verbose parsed url   hostname: null,
12 verbose parsed url   hash: null,
12 verbose parsed url   search: null,
12 verbose parsed url   query: null,
12 verbose parsed url   pathname: 'gulp@^3.5.6',
12 verbose parsed url   path: 'gulp@^3.5.6',
12 verbose parsed url   href: 'gulp@^3.5.6' }
13 verbose cache add [ 'gulp-sass@^1.3.3', null ]
14 verbose cache add name=undefined spec="gulp-sass@^1.3.3" args=["gulp-sass@^1.3.3",null]
15 verbose parsed url { protocol: null,
15 verbose parsed url   slashes: null,
15 verbose parsed url   auth: null,
15 verbose parsed url   host: null,
15 verbose parsed url   port: null,
15 verbose parsed url   hostname: null,
15 verbose parsed url   hash: null,
15 verbose parsed url   search: null,
15 verbose parsed url   query: null,
15 verbose parsed url   pathname: 'gulp-sass@^1.3.3',
15 verbose parsed url   path: 'gulp-sass@^1.3.3',
15 verbose parsed url   href: 'gulp-sass@^1.3.3' }
16 verbose cache add [ 'gulp-concat@^2.2.0', null ]
17 verbose cache add name=undefined spec="gulp-concat@^2.2.0" args=["gulp-concat@^2.2.0",null]
18 verbose parsed url { protocol: null,
18 verbose parsed url   slashes: null,
18 verbose parsed url   auth: null,
18 verbose parsed url   host: null,
18 verbose parsed url   port: null,
18 verbose parsed url   hostname: null,
18 verbose parsed url   hash: null,
18 verbose parsed url   search: null,
18 verbose parsed url   query: null,
18 verbose parsed url   pathname: 'gulp-concat@^2.2.0',
18 verbose parsed url   path: 'gulp-concat@^2.2.0',
18 verbose parsed url   href: 'gulp-concat@^2.2.0' }
19 verbose cache add [ 'gulp-minify-css@^0.3.0', null ]
20 verbose cache add name=undefined spec="gulp-minify-css@^0.3.0" args=["gulp-minify-css@^0.3.0",null]
21 verbose parsed url { protocol: null,
21 verbose parsed url   slashes: null,
21 verbose parsed url   auth: null,
21 verbose parsed url   host: null,
21 verbose parsed url   port: null,
21 verbose parsed url   hostname: null,
21 verbose parsed url   hash: null,
21 verbose parsed url   search: null,
21 verbose parsed url   query: null,
21 verbose parsed url   pathname: 'gulp-minify-css@^0.3.0',
21 verbose parsed url   path: 'gulp-minify-css@^0.3.0',
21 verbose parsed url   href: 'gulp-minify-css@^0.3.0' }
22 verbose cache add [ 'gulp-rename@^1.2.0', null ]
23 verbose cache add name=undefined spec="gulp-rename@^1.2.0" args=["gulp-rename@^1.2.0",null]
24 verbose parsed url { protocol: null,
24 verbose parsed url   slashes: null,
24 verbose parsed url   auth: null,
24 verbose parsed url   host: null,
24 verbose parsed url   port: null,
24 verbose parsed url   hostname: null,
24 verbose parsed url   hash: null,
24 verbose parsed url   search: null,
24 verbose parsed url   query: null,
24 verbose parsed url   pathname: 'gulp-rename@^1.2.0',
24 verbose parsed url   path: 'gulp-rename@^1.2.0',
24 verbose parsed url   href: 'gulp-rename@^1.2.0' }
25 verbose cache add name="gulp" spec="^3.5.6" args=["gulp","^3.5.6"]
26 verbose parsed url { protocol: null,
26 verbose parsed url   slashes: null,
26 verbose parsed url   auth: null,
26 verbose parsed url   host: null,
26 verbose parsed url   port: null,
26 verbose parsed url   hostname: null,
26 verbose parsed url   hash: null,
26 verbose parsed url   search: null,
26 verbose parsed url   query: null,
26 verbose parsed url   pathname: '^3.5.6',
26 verbose parsed url   path: '^3.5.6',
26 verbose parsed url   href: '^3.5.6' }
27 verbose addNamed [ 'gulp', '^3.5.6' ]
28 verbose addNamed [ null, '>=3.5.6-0 <4.0.0-0' ]
29 verbose cache add name="gulp-sass" spec="^1.3.3" args=["gulp-sass","^1.3.3"]
30 verbose parsed url { protocol: null,
30 verbose parsed url   slashes: null,
30 verbose parsed url   auth: null,
30 verbose parsed url   host: null,
30 verbose parsed url   port: null,
30 verbose parsed url   hostname: null,
30 verbose parsed url   hash: null,
30 verbose parsed url   search: null,
30 verbose parsed url   query: null,
30 verbose parsed url   pathname: '^1.3.3',
30 verbose parsed url   path: '^1.3.3',
30 verbose parsed url   href: '^1.3.3' }
31 verbose addNamed [ 'gulp-sass', '^1.3.3' ]
32 verbose addNamed [ null, '>=1.3.3-0 <2.0.0-0' ]
33 verbose cache add name="gulp-concat" spec="^2.2.0" args=["gulp-concat","^2.2.0"]
34 verbose parsed url { protocol: null,
34 verbose parsed url   slashes: null,
34 verbose parsed url   auth: null,
34 verbose parsed url   host: null,
34 verbose parsed url   port: null,
34 verbose parsed url   hostname: null,
34 verbose parsed url   hash: null,
34 verbose parsed url   search: null,
34 verbose parsed url   query: null,
34 verbose parsed url   pathname: '^2.2.0',
34 verbose parsed url   path: '^2.2.0',
34 verbose parsed url   href: '^2.2.0' }
35 verbose addNamed [ 'gulp-concat', '^2.2.0' ]
36 verbose addNamed [ null, '>=2.2.0-0 <3.0.0-0' ]
37 verbose cache add name="gulp-minify-css" spec="^0.3.0" args=["gulp-minify-css","^0.3.0"]
38 verbose parsed url { protocol: null,
38 verbose parsed url   slashes: null,
38 verbose parsed url   auth: null,
38 verbose parsed url   host: null,
38 verbose parsed url   port: null,
38 verbose parsed url   hostname: null,
38 verbose parsed url   hash: null,
38 verbose parsed url   search: null,
38 verbose parsed url   query: null,
38 verbose parsed url   pathname: '^0.3.0',
38 verbose parsed url   path: '^0.3.0',
38 verbose parsed url   href: '^0.3.0' }
39 verbose addNamed [ 'gulp-minify-css', '^0.3.0' ]
40 verbose addNamed [ null, '>=0.3.0-0 <0.4.0-0' ]
41 verbose cache add [ 'bower@^1.3.3', null ]
42 verbose cache add name=undefined spec="bower@^1.3.3" args=["bower@^1.3.3",null]
43 verbose parsed url { protocol: null,
43 verbose parsed url   slashes: null,
43 verbose parsed url   auth: null,
43 verbose parsed url   host: null,
43 verbose parsed url   port: null,
43 verbose parsed url   hostname: null,
43 verbose parsed url   hash: null,
43 verbose parsed url   search: null,
43 verbose parsed url   query: null,
43 verbose parsed url   pathname: 'bower@^1.3.3',
43 verbose parsed url   path: 'bower@^1.3.3',
43 verbose parsed url   href: 'bower@^1.3.3' }
44 verbose cache add [ 'gulp-util@^2.2.14', null ]
45 verbose cache add name=undefined spec="gulp-util@^2.2.14" args=["gulp-util@^2.2.14",null]
46 verbose parsed url { protocol: null,
46 verbose parsed url   slashes: null,
46 verbose parsed url   auth: null,
46 verbose parsed url   host: null,
46 verbose parsed url   port: null,
46 verbose parsed url   hostname: null,
46 verbose parsed url   hash: null,
46 verbose parsed url   search: null,
46 verbose parsed url   query: null,
46 verbose parsed url   pathname: 'gulp-util@^2.2.14',
46 verbose parsed url   path: 'gulp-util@^2.2.14',
46 verbose parsed url   href: 'gulp-util@^2.2.14' }
47 verbose cache add name="gulp-rename" spec="^1.2.0" args=["gulp-rename","^1.2.0"]
48 verbose parsed url { protocol: null,
48 verbose parsed url   slashes: null,
48 verbose parsed url   auth: null,
48 verbose parsed url   host: null,
48 verbose parsed url   port: null,
48 verbose parsed url   hostname: null,
48 verbose parsed url   hash: null,
48 verbose parsed url   search: null,
48 verbose parsed url   query: null,
48 verbose parsed url   pathname: '^1.2.0',
48 verbose parsed url   path: '^1.2.0',
48 verbose parsed url   href: '^1.2.0' }
49 verbose addNamed [ 'gulp-rename', '^1.2.0' ]
50 verbose addNamed [ null, '>=1.2.0-0 <2.0.0-0' ]
51 silly lockFile 28ac0b1b-gulp-3-5-6 gulp@^3.5.6
52 verbose lock gulp@^3.5.6 /Users/hoangnguyen/.npm/28ac0b1b-gulp-3-5-6.lock
53 silly lockFile c5cae820-gulp-sass-1-3-3 gulp-sass@^1.3.3
54 verbose lock gulp-sass@^1.3.3 /Users/hoangnguyen/.npm/c5cae820-gulp-sass-1-3-3.lock
55 silly lockFile bade1119-gulp-concat-2-2-0 gulp-concat@^2.2.0
56 verbose lock gulp-concat@^2.2.0 /Users/hoangnguyen/.npm/bade1119-gulp-concat-2-2-0.lock
57 silly lockFile 97140670-gulp-minify-css-0-3-0 gulp-minify-css@^0.3.0
58 verbose lock gulp-minify-css@^0.3.0 /Users/hoangnguyen/.npm/97140670-gulp-minify-css-0-3-0.lock
59 silly lockFile 31cef36d-gulp-rename-1-2-0 gulp-rename@^1.2.0
60 verbose lock gulp-rename@^1.2.0 /Users/hoangnguyen/.npm/31cef36d-gulp-rename-1-2-0.lock
61 verbose cache add name="bower" spec="^1.3.3" args=["bower","^1.3.3"]
62 verbose parsed url { protocol: null,
62 verbose parsed url   slashes: null,
62 verbose parsed url   auth: null,
62 verbose parsed url   host: null,
62 verbose parsed url   port: null,
62 verbose parsed url   hostname: null,
62 verbose parsed url   hash: null,
62 verbose parsed url   search: null,
62 verbose parsed url   query: null,
62 verbose parsed url   pathname: '^1.3.3',
62 verbose parsed url   path: '^1.3.3',
62 verbose parsed url   href: '^1.3.3' }
63 verbose addNamed [ 'bower', '^1.3.3' ]
64 verbose addNamed [ null, '>=1.3.3-0 <2.0.0-0' ]
65 silly lockFile 0aa5c27e-bower-1-3-3 bower@^1.3.3
66 verbose lock bower@^1.3.3 /Users/hoangnguyen/.npm/0aa5c27e-bower-1-3-3.lock
67 verbose cache add [ 'shelljs@^0.3.0', null ]
68 verbose cache add name=undefined spec="shelljs@^0.3.0" args=["shelljs@^0.3.0",null]
69 verbose parsed url { protocol: null,
69 verbose parsed url   slashes: null,
69 verbose parsed url   auth: null,
69 verbose parsed url   host: null,
69 verbose parsed url   port: null,
69 verbose parsed url   hostname: null,
69 verbose parsed url   hash: null,
69 verbose parsed url   search: null,
69 verbose parsed url   query: null,
69 verbose parsed url   pathname: 'shelljs@^0.3.0',
69 verbose parsed url   path: 'shelljs@^0.3.0',
69 verbose parsed url   href: 'shelljs@^0.3.0' }
70 verbose cache add name="gulp-util" spec="^2.2.14" args=["gulp-util","^2.2.14"]
71 verbose parsed url { protocol: null,
71 verbose parsed url   slashes: null,
71 verbose parsed url   auth: null,
71 verbose parsed url   host: null,
71 verbose parsed url   port: null,
71 verbose parsed url   hostname: null,
71 verbose parsed url   hash: null,
71 verbose parsed url   search: null,
71 verbose parsed url   query: null,
71 verbose parsed url   pathname: '^2.2.14',
71 verbose parsed url   path: '^2.2.14',
71 verbose parsed url   href: '^2.2.14' }
72 verbose addNamed [ 'gulp-util', '^2.2.14' ]
73 verbose addNamed [ null, '>=2.2.14-0 <3.0.0-0' ]
74 silly lockFile e3e5f16b-gulp-util-2-2-14 gulp-util@^2.2.14
75 verbose lock gulp-util@^2.2.14 /Users/hoangnguyen/.npm/e3e5f16b-gulp-util-2-2-14.lock
76 verbose cache add name="shelljs" spec="^0.3.0" args=["shelljs","^0.3.0"]
77 verbose parsed url { protocol: null,
77 verbose parsed url   slashes: null,
77 verbose parsed url   auth: null,
77 verbose parsed url   host: null,
77 verbose parsed url   port: null,
77 verbose parsed url   hostname: null,
77 verbose parsed url   hash: null,
77 verbose parsed url   search: null,
77 verbose parsed url   query: null,
77 verbose parsed url   pathname: '^0.3.0',
77 verbose parsed url   path: '^0.3.0',
77 verbose parsed url   href: '^0.3.0' }
78 verbose addNamed [ 'shelljs', '^0.3.0' ]
79 verbose addNamed [ null, '>=0.3.0-0 <0.4.0-0' ]
80 silly lockFile 1ddaa962-shelljs-0-3-0 shelljs@^0.3.0
81 verbose lock shelljs@^0.3.0 /Users/hoangnguyen/.npm/1ddaa962-shelljs-0-3-0.lock
82 silly addNameRange { name: 'gulp-sass',
82 silly addNameRange   range: '>=1.3.3-0 <2.0.0-0',
82 silly addNameRange   hasData: false }
83 silly addNameRange { name: 'gulp-minify-css',
83 silly addNameRange   range: '>=0.3.0-0 <0.4.0-0',
83 silly addNameRange   hasData: false }
84 silly addNameRange { name: 'gulp-concat',
84 silly addNameRange   range: '>=2.2.0-0 <3.0.0-0',
84 silly addNameRange   hasData: false }
85 silly addNameRange { name: 'gulp', range: '>=3.5.6-0 <4.0.0-0', hasData: false }
86 silly addNameRange { name: 'gulp-rename',
86 silly addNameRange   range: '>=1.2.0-0 <2.0.0-0',
86 silly addNameRange   hasData: false }
87 silly addNameRange { name: 'bower', range: '>=1.3.3-0 <2.0.0-0', hasData: false }
88 verbose request where is /gulp-sass
89 verbose request registry https://registry.npmjs.org/
90 verbose request id 197f160c18419007
91 verbose url raw /gulp-sass
92 verbose url resolving [ 'https://registry.npmjs.org/', './gulp-sass' ]
93 verbose url resolved https://registry.npmjs.org/gulp-sass
94 verbose request where is https://registry.npmjs.org/gulp-sass
95 info trying registry request attempt 1 at 10:49:15
96 http GET https://registry.npmjs.org/gulp-sass
97 verbose request where is /gulp-minify-css
98 verbose request registry https://registry.npmjs.org/
99 verbose url raw /gulp-minify-css
100 verbose url resolving [ 'https://registry.npmjs.org/', './gulp-minify-css' ]
101 verbose url resolved https://registry.npmjs.org/gulp-minify-css
102 verbose request where is https://registry.npmjs.org/gulp-minify-css
103 info trying registry request attempt 1 at 10:49:15
104 http GET https://registry.npmjs.org/gulp-minify-css
105 silly addNameRange { name: 'gulp-util',
105 silly addNameRange   range: '>=2.2.14-0 <3.0.0-0',
105 silly addNameRange   hasData: false }
106 verbose request where is /gulp-concat
107 verbose request registry https://registry.npmjs.org/
108 verbose url raw /gulp-concat
109 verbose url resolving [ 'https://registry.npmjs.org/', './gulp-concat' ]
110 verbose url resolved https://registry.npmjs.org/gulp-concat
111 verbose request where is https://registry.npmjs.org/gulp-concat
112 info trying registry request attempt 1 at 10:49:15
113 http GET https://registry.npmjs.org/gulp-concat
114 verbose request where is /gulp-rename
115 verbose request registry https://registry.npmjs.org/
116 verbose url raw /gulp-rename
117 verbose url resolving [ 'https://registry.npmjs.org/', './gulp-rename' ]
118 verbose url resolved https://registry.npmjs.org/gulp-rename
119 verbose request where is https://registry.npmjs.org/gulp-rename
120 info trying registry request attempt 1 at 10:49:15
121 http GET https://registry.npmjs.org/gulp-rename
122 silly addNameRange { name: 'shelljs', range: '>=0.3.0-0 <0.4.0-0', hasData: false }
123 verbose request where is /bower
124 verbose request registry https://registry.npmjs.org/
125 verbose url raw /bower
126 verbose url resolving [ 'https://registry.npmjs.org/', './bower' ]
127 verbose url resolved https://registry.npmjs.org/bower
128 verbose request where is https://registry.npmjs.org/bower
129 info trying registry request attempt 1 at 10:49:15
130 http GET https://registry.npmjs.org/bower
131 verbose request where is /gulp-util
132 verbose request registry https://registry.npmjs.org/
133 verbose url raw /gulp-util
134 verbose url resolving [ 'https://registry.npmjs.org/', './gulp-util' ]
135 verbose url resolved https://registry.npmjs.org/gulp-util
136 verbose request where is https://registry.npmjs.org/gulp-util
137 info trying registry request attempt 1 at 10:49:15
138 verbose etag "8RSN3VZXNEO83SYIF4TNF3LUM"
139 http GET https://registry.npmjs.org/gulp-util
140 verbose request where is /gulp
141 verbose request registry https://registry.npmjs.org/
142 verbose url raw /gulp
143 verbose url resolving [ 'https://registry.npmjs.org/', './gulp' ]
144 verbose url resolved https://registry.npmjs.org/gulp
145 verbose request where is https://registry.npmjs.org/gulp
146 info trying registry request attempt 1 at 10:49:15
147 verbose etag "B7MELS2WFJ0FCIKVAYPI9ILMH"
148 http GET https://registry.npmjs.org/gulp
149 verbose request where is /shelljs
150 verbose request registry https://registry.npmjs.org/
151 verbose url raw /shelljs
152 verbose url resolving [ 'https://registry.npmjs.org/', './shelljs' ]
153 verbose url resolved https://registry.npmjs.org/shelljs
154 verbose request where is https://registry.npmjs.org/shelljs
155 info trying registry request attempt 1 at 10:49:15
156 verbose etag "614YUMVFK1W3ZBOQH6IQPP2QC"
157 http GET https://registry.npmjs.org/shelljs
158 http 200 https://registry.npmjs.org/gulp-rename
159 silly registry.get cb [ 200,
159 silly registry.get   { date: 'Sat, 28 Mar 2015 08:48:04 GMT',
159 silly registry.get     server: 'CouchDB/1.5.0 (Erlang OTP/R16B03)',
159 silly registry.get     etag: '"B5T70I4S30D21PGWMBWAJMS4Q"',
159 silly registry.get     'content-type': 'application/json',
159 silly registry.get     'cache-control': 'max-age=60',
159 silly registry.get     'content-length': '10157',
159 silly registry.get     'accept-ranges': 'bytes',
159 silly registry.get     via: '1.1 varnish',
159 silly registry.get     age: '25',
159 silly registry.get     'x-served-by': 'cache-lcy1122-LCY',
159 silly registry.get     'x-cache': 'HIT',
159 silly registry.get     'x-cache-hits': '1',
159 silly registry.get     'x-timer': 'S1427532484.054976,VS0,VE0',
159 silly registry.get     vary: 'Accept',
159 silly registry.get     'keep-alive': 'timeout=10, max=50',
159 silly registry.get     connection: 'Keep-Alive' } ]
160 silly addNameRange number 2 { name: 'gulp-rename',
160 silly addNameRange   range: '>=1.2.0-0 <2.0.0-0',
160 silly addNameRange   hasData: true }
161 silly addNameRange versions [ 'gulp-rename',
161 silly addNameRange   [ '0.1.0', '0.2.1', '0.2.2', '1.0.0', '1.1.0', '1.2.0' ] ]
162 verbose addNamed [ 'gulp-rename', '1.2.0' ]
163 verbose addNamed [ '1.2.0', '1.2.0' ]
164 silly lockFile 5981c611-gulp-rename-1-2-0 gulp-rename@1.2.0
165 verbose lock gulp-rename@1.2.0 /Users/hoangnguyen/.npm/5981c611-gulp-rename-1-2-0.lock
166 silly lockFile b4be9a05-ulp-rename-gulp-rename-1-2-0-tgz https://registry.npmjs.org/gulp-rename/-/gulp-rename-1.2.0.tgz
167 verbose lock https://registry.npmjs.org/gulp-rename/-/gulp-rename-1.2.0.tgz /Users/hoangnguyen/.npm/b4be9a05-ulp-rename-gulp-rename-1-2-0-tgz.lock
168 verbose addRemoteTarball [ 'https://registry.npmjs.org/gulp-rename/-/gulp-rename-1.2.0.tgz',
168 verbose addRemoteTarball   '060394a09b085cf5d46fc48acdc5657f8fee9e4e' ]
169 info retry fetch attempt 1 at 10:49:16
170 verbose fetch to= /var/folders/_m/rqn95s0n5l1ffcn__hm37sdw0000gn/T/npm-13243-keUMILbx/registry.npmjs.org/gulp-rename/-/gulp-rename-1.2.0.tgz
171 http GET https://registry.npmjs.org/gulp-rename/-/gulp-rename-1.2.0.tgz
172 http 200 https://registry.npmjs.org/gulp-util
173 silly registry.get cb [ 200,
173 silly registry.get   { date: 'Sat, 28 Mar 2015 08:48:04 GMT',
173 silly registry.get     server: 'CouchDB/1.5.0 (Erlang OTP/R16B03)',
173 silly registry.get     etag: '"5INDY4U0Y32V3Y7SYUKNT1GUZ"',
173 silly registry.get     'content-type': 'application/json',
173 silly registry.get     'cache-control': 'max-age=60',
173 silly registry.get     'content-length': '55119',
173 silly registry.get     'accept-ranges': 'bytes',
173 silly registry.get     via: '1.1 varnish',
173 silly registry.get     age: '5',
173 silly registry.get     'x-served-by': 'cache-lcy1122-LCY',
173 silly registry.get     'x-cache': 'HIT',
173 silly registry.get     'x-cache-hits': '66',
173 silly registry.get     'x-timer': 'S1427532484.109394,VS0,VE0',
173 silly registry.get     vary: 'Accept',
173 silly registry.get     'keep-alive': 'timeout=10, max=49',
173 silly registry.get     connection: 'Keep-Alive' } ]
174 silly addNameRange number 2 { name: 'gulp-util',
174 silly addNameRange   range: '>=2.2.14-0 <3.0.0-0',
174 silly addNameRange   hasData: true }
175 silly addNameRange versions [ 'gulp-util',
175 silly addNameRange   [ '0.0.1',
175 silly addNameRange     '1.0.0',
175 silly addNameRange     '1.1.0',
175 silly addNameRange     '1.1.1',
175 silly addNameRange     '1.2.0',
175 silly addNameRange     '1.3.0',
175 silly addNameRange     '2.0.0',
175 silly addNameRange     '2.1.1',
175 silly addNameRange     '2.1.2',
175 silly addNameRange     '2.1.3',
175 silly addNameRange     '2.1.4',
175 silly addNameRange     '2.2.0',
175 silly addNameRange     '2.2.1',
175 silly addNameRange     '2.2.2',
175 silly addNameRange     '2.2.3',
175 silly addNameRange     '2.2.5',
175 silly addNameRange     '2.2.6',
175 silly addNameRange     '2.2.7',
175 silly addNameRange     '2.2.8',
175 silly addNameRange     '2.2.9',
175 silly addNameRange     '2.2.10',
175 silly addNameRange     '2.2.11',
175 silly addNameRange     '2.2.12',
175 silly addNameRange     '2.2.13',
175 silly addNameRange     '2.2.14',
175 silly addNameRange     '2.2.15',
175 silly addNameRange     '2.2.16',
175 silly addNameRange     '2.2.17',
175 silly addNameRange     '2.2.18',
175 silly addNameRange     '2.2.19',
175 silly addNameRange     '2.2.20',
175 silly addNameRange     '3.0.0',
175 silly addNameRange     '3.0.1',
175 silly addNameRange     '3.0.2',
175 silly addNameRange     '3.0.3',
175 silly addNameRange     '3.0.4' ] ]
176 verbose addNamed [ 'gulp-util', '2.2.20' ]
177 verbose addNamed [ '2.2.20', '2.2.20' ]
178 silly lockFile 48c194cb-gulp-util-2-2-20 gulp-util@2.2.20
179 verbose lock gulp-util@2.2.20 /Users/hoangnguyen/.npm/48c194cb-gulp-util-2-2-20.lock
180 silly lockFile 34166e88-g-gulp-util-gulp-util-2-2-20-tgz https://registry.npmjs.org/gulp-util/-/gulp-util-2.2.20.tgz
181 verbose lock https://registry.npmjs.org/gulp-util/-/gulp-util-2.2.20.tgz /Users/hoangnguyen/.npm/34166e88-g-gulp-util-gulp-util-2-2-20-tgz.lock
182 verbose addRemoteTarball [ 'https://registry.npmjs.org/gulp-util/-/gulp-util-2.2.20.tgz',
182 verbose addRemoteTarball   'd7146e5728910bd8f047a6b0b1e549bc22dbd64c' ]
183 info retry fetch attempt 1 at 10:49:16
184 verbose fetch to= /var/folders/_m/rqn95s0n5l1ffcn__hm37sdw0000gn/T/npm-13243-keUMILbx/registry.npmjs.org/gulp-util/-/gulp-util-2.2.20.tgz
185 http GET https://registry.npmjs.org/gulp-util/-/gulp-util-2.2.20.tgz
186 http 200 https://registry.npmjs.org/bower
187 silly registry.get cb [ 200,
187 silly registry.get   { date: 'Sat, 28 Mar 2015 08:48:04 GMT',
187 silly registry.get     server: 'CouchDB/1.5.0 (Erlang OTP/R16B03)',
187 silly registry.get     etag: '"D48461ZTOJXXQNCUBER3I4BD9"',
187 silly registry.get     'content-type': 'application/json',
187 silly registry.get     'cache-control': 'max-age=60',
187 silly registry.get     'content-length': '106269',
187 silly registry.get     'accept-ranges': 'bytes',
187 silly registry.get     via: '1.1 varnish',
187 silly registry.get     age: '50',
187 silly registry.get     'x-served-by': 'cache-lcy1135-LCY',
187 silly registry.get     'x-cache': 'HIT',
187 silly registry.get     'x-cache-hits': '1',
187 silly registry.get     'x-timer': 'S1427532484.062430,VS0,VE0',
187 silly registry.get     vary: 'Accept',
187 silly registry.get     'keep-alive': 'timeout=10, max=50',
187 silly registry.get     connection: 'Keep-Alive' } ]
188 silly addNameRange number 2 { name: 'bower', range: '>=1.3.3-0 <2.0.0-0', hasData: true }
189 silly addNameRange versions [ 'bower',
189 silly addNameRange   [ '0.1.0',
189 silly addNameRange     '0.1.2',
189 silly addNameRange     '0.1.3',
189 silly addNameRange     '0.2.0',
189 silly addNameRange     '0.3.0',
189 silly addNameRange     '0.3.1',
189 silly addNameRange     '0.3.2',
189 silly addNameRange     '0.4.0',
189 silly addNameRange     '0.5.0',
189 silly addNameRange     '0.5.1',
189 silly addNameRange     '0.6.0',
189 silly addNameRange     '0.6.1',
189 silly addNameRange     '0.6.2',
189 silly addNameRange     '0.6.3',
189 silly addNameRange     '0.6.4',
189 silly addNameRange     '0.6.5',
189 silly addNameRange     '0.6.6',
189 silly addNameRange     '0.6.7',
189 silly addNameRange     '0.6.8',
189 silly addNameRange     '0.7.0',
189 silly addNameRange     '0.7.1',
189 silly addNameRange     '0.8.0',
189 silly addNameRange     '0.8.1',
189 silly addNameRange     '0.8.2',
189 silly addNameRange     '0.8.3',
189 silly addNameRange     '0.8.4',
189 silly addNameRange     '0.8.5',
189 silly addNameRange     '0.8.6',
189 silly addNameRange     '0.9.0',
189 silly addNameRange     '0.9.1',
189 silly addNameRange     '0.9.2',
189 silly addNameRange     '0.10.0',
189 silly addNameRange     '1.0.0',
189 silly addNameRange     '1.0.1',
189 silly addNameRange     '1.0.2',
189 silly addNameRange     '1.0.3',
189 silly addNameRange     '1.1.0',
189 silly addNameRange     '1.1.1',
189 silly addNameRange     '1.1.2',
189 silly addNameRange     '1.2.0',
189 silly addNameRange     '1.2.1',
189 silly addNameRange     '1.2.2',
189 silly addNameRange     '1.2.3',
189 silly addNameRange     '1.2.4',
189 silly addNameRange     '1.2.5',
189 silly addNameRange     '1.2.6',
189 silly addNameRange     '1.2.7',
189 silly addNameRange     '1.2.8',
189 silly addNameRange     '1.3.0',
189 silly addNameRange     '1.3.1',
189 silly addNameRange     '1.3.2',
189 silly addNameRange     '1.3.3',
189 silly addNameRange     '1.3.4',
189 silly addNameRange     '1.3.5',
189 silly addNameRange     '1.3.6',
189 silly addNameRange     '1.3.7',
189 silly addNameRange     '1.3.8',
189 silly addNameRange     '1.3.9',
189 silly addNameRange     '1.3.10',
189 silly addNameRange     '1.3.11',
189 silly addNameRange     '1.3.12' ] ]
190 verbose addNamed [ 'bower', '1.3.12' ]
191 verbose addNamed [ '1.3.12', '1.3.12' ]
192 silly lockFile 9819431c-bower-1-3-12 bower@1.3.12
193 verbose lock bower@1.3.12 /Users/hoangnguyen/.npm/9819431c-bower-1-3-12.lock
194 silly lockFile b05fd70b-npmjs-org-bower-bower-1-3-12-tgz https://registry.npmjs.org/bower/-/bower-1.3.12.tgz
195 verbose lock https://registry.npmjs.org/bower/-/bower-1.3.12.tgz /Users/hoangnguyen/.npm/b05fd70b-npmjs-org-bower-bower-1-3-12-tgz.lock
196 verbose addRemoteTarball [ 'https://registry.npmjs.org/bower/-/bower-1.3.12.tgz',
196 verbose addRemoteTarball   '37de0edb3904baf90aee13384a1a379a05ee214c' ]
197 info retry fetch attempt 1 at 10:49:16
198 verbose fetch to= /var/folders/_m/rqn95s0n5l1ffcn__hm37sdw0000gn/T/npm-13243-keUMILbx/registry.npmjs.org/bower/-/bower-1.3.12.tgz
199 http GET https://registry.npmjs.org/bower/-/bower-1.3.12.tgz
200 http 200 https://registry.npmjs.org/gulp-rename/-/gulp-rename-1.2.0.tgz
201 silly lockFile b4be9a05-ulp-rename-gulp-rename-1-2-0-tgz https://registry.npmjs.org/gulp-rename/-/gulp-rename-1.2.0.tgz
202 silly lockFile b4be9a05-ulp-rename-gulp-rename-1-2-0-tgz https://registry.npmjs.org/gulp-rename/-/gulp-rename-1.2.0.tgz
203 silly lockFile 5981c611-gulp-rename-1-2-0 gulp-rename@1.2.0
204 silly lockFile 5981c611-gulp-rename-1-2-0 gulp-rename@1.2.0
205 silly lockFile 31cef36d-gulp-rename-1-2-0 gulp-rename@^1.2.0
206 silly lockFile 31cef36d-gulp-rename-1-2-0 gulp-rename@^1.2.0
207 http 200 https://registry.npmjs.org/gulp
208 silly registry.get cb [ 200,
208 silly registry.get   { date: 'Sat, 28 Mar 2015 08:48:04 GMT',
208 silly registry.get     server: 'CouchDB/1.5.0 (Erlang OTP/R16B03)',
208 silly registry.get     etag: '"3HGWFQ2J1UMSLJIUUZ6KGH5AL"',
208 silly registry.get     'content-type': 'application/json',
208 silly registry.get     'cache-control': 'max-age=60',
208 silly registry.get     'content-length': '100373',
208 silly registry.get     'accept-ranges': 'bytes',
208 silly registry.get     via: '1.1 varnish',
208 silly registry.get     age: '6',
208 silly registry.get     'x-served-by': 'cache-lcy1122-LCY',
208 silly registry.get     'x-cache': 'HIT',
208 silly registry.get     'x-cache-hits': '1',
208 silly registry.get     'x-timer': 'S1427532484.304854,VS0,VE0',
208 silly registry.get     vary: 'Accept',
208 silly registry.get     'keep-alive': 'timeout=10, max=48',
208 silly registry.get     connection: 'Keep-Alive' } ]
209 silly addNameRange number 2 { name: 'gulp', range: '>=3.5.6-0 <4.0.0-0', hasData: true }
210 silly addNameRange versions [ 'gulp',
210 silly addNameRange   [ '0.0.1',
210 silly addNameRange     '0.0.2',
210 silly addNameRange     '0.0.3',
210 silly addNameRange     '0.0.4',
210 silly addNameRange     '0.0.5',
210 silly addNameRange     '0.0.7',
210 silly addNameRange     '0.0.8',
210 silly addNameRange     '0.0.9',
210 silly addNameRange     '0.1.0',
210 silly addNameRange     '0.2.0',
210 silly addNameRange     '1.0.0',
210 silly addNameRange     '1.1.0',
210 silly addNameRange     '1.2.0',
210 silly addNameRange     '1.2.1',
210 silly addNameRange     '2.0.0',
210 silly addNameRange     '2.0.1',
210 silly addNameRange     '2.1.0',
210 silly addNameRange     '2.2.0',
210 silly addNameRange     '2.3.0',
210 silly addNameRange     '2.4.0',
210 silly addNameRange     '2.4.1',
210 silly addNameRange     '2.6.0',
210 silly addNameRange     '2.6.1',
210 silly addNameRange     '2.7.0',
210 silly addNameRange     '3.0.0',
210 silly addNameRange     '3.1.1',
210 silly addNameRange     '3.1.2',
210 silly addNameRange     '3.1.3',
210 silly addNameRange     '3.1.4',
210 silly addNameRange     '3.2.0',
210 silly addNameRange     '3.2.1',
210 silly addNameRange     '3.2.2',
210 silly addNameRange     '3.2.3',
210 silly addNameRange     '3.2.4',
210 silly addNameRange     '3.2.5',
210 silly addNameRange     '3.3.0',
210 silly addNameRange     '3.3.1',
210 silly addNameRange     '3.3.2',
210 silly addNameRange     '3.3.4',
210 silly addNameRange     '3.4.0',
210 silly addNameRange     '3.5.0',
210 silly addNameRange     '3.5.1',
210 silly addNameRange     '3.5.2',
210 silly addNameRange     '3.5.5',
210 silly addNameRange     '3.5.6',
210 silly addNameRange     '3.6.0',
210 silly addNameRange     '3.6.1',
210 silly addNameRange     '3.6.2',
210 silly addNameRange     '3.7.0',
210 silly addNameRange     '3.8.0',
210 silly addNameRange     '3.8.1',
210 silly addNameRange     '3.8.2',
210 silly addNameRange     '3.8.3',
210 silly addNameRange     '3.8.4',
210 silly addNameRange     '3.8.5',
210 silly addNameRange     '3.8.6',
210 silly addNameRange     '3.8.7',
210 silly addNameRange     '3.8.8',
210 silly addNameRange     '3.8.9',
210 silly addNameRange     '3.8.10',
210 silly addNameRange     '3.8.11' ] ]
211 verbose addNamed [ 'gulp', '3.8.11' ]
212 verbose addNamed [ '3.8.11', '3.8.11' ]
213 silly lockFile 3d31ec08-gulp-3-8-11 gulp@3.8.11
214 verbose lock gulp@3.8.11 /Users/hoangnguyen/.npm/3d31ec08-gulp-3-8-11.lock
215 silly lockFile 3d31ec08-gulp-3-8-11 gulp@3.8.11
216 silly lockFile 3d31ec08-gulp-3-8-11 gulp@3.8.11
217 silly lockFile 28ac0b1b-gulp-3-5-6 gulp@^3.5.6
218 silly lockFile 28ac0b1b-gulp-3-5-6 gulp@^3.5.6
219 http 200 https://registry.npmjs.org/gulp-concat
220 silly registry.get cb [ 200,
220 silly registry.get   { date: 'Sat, 28 Mar 2015 08:48:04 GMT',
220 silly registry.get     server: 'CouchDB/1.5.0 (Erlang OTP/R16B03)',
220 silly registry.get     etag: '"A9KN51GL4NQV4MNJF6LI0859Z"',
220 silly registry.get     'content-type': 'application/json',
220 silly registry.get     'cache-control': 'max-age=60',
220 silly registry.get     'content-length': '34716',
220 silly registry.get     'accept-ranges': 'bytes',
220 silly registry.get     via: '1.1 varnish',
220 silly registry.get     age: '0',
220 silly registry.get     'x-served-by': 'cache-lcy1125-LCY',
220 silly registry.get     'x-cache': 'HIT',
220 silly registry.get     'x-cache-hits': '1',
220 silly registry.get     'x-timer': 'S1427532484.055488,VS0,VE87',
220 silly registry.get     vary: 'Accept',
220 silly registry.get     'keep-alive': 'timeout=10, max=50',
220 silly registry.get     connection: 'Keep-Alive' } ]
221 silly addNameRange number 2 { name: 'gulp-concat',
221 silly addNameRange   range: '>=2.2.0-0 <3.0.0-0',
221 silly addNameRange   hasData: true }
222 silly addNameRange versions [ 'gulp-concat',
222 silly addNameRange   [ '0.0.1',
222 silly addNameRange     '1.0.0',
222 silly addNameRange     '1.1.0',
222 silly addNameRange     '2.0.0',
222 silly addNameRange     '2.1.0',
222 silly addNameRange     '2.1.1',
222 silly addNameRange     '2.1.2',
222 silly addNameRange     '2.1.3',
222 silly addNameRange     '2.1.4',
222 silly addNameRange     '2.1.5',
222 silly addNameRange     '2.1.6',
222 silly addNameRange     '2.1.7',
222 silly addNameRange     '2.2.0',
222 silly addNameRange     '2.3.0',
222 silly addNameRange     '2.3.3',
222 silly addNameRange     '2.3.4',
222 silly addNameRange     '2.3.5',
222 silly addNameRange     '2.4.0',
222 silly addNameRange     '2.4.1',
222 silly addNameRange     '2.4.2',
222 silly addNameRange     '2.4.3',
222 silly addNameRange     '2.5.0',
222 silly addNameRange     '2.5.1',
222 silly addNameRange     '2.5.2' ] ]
223 verbose addNamed [ 'gulp-concat', '2.5.2' ]
224 verbose addNamed [ '2.5.2', '2.5.2' ]
225 silly lockFile f86cbda2-gulp-concat-2-5-2 gulp-concat@2.5.2
226 verbose lock gulp-concat@2.5.2 /Users/hoangnguyen/.npm/f86cbda2-gulp-concat-2-5-2.lock
227 silly lockFile 2b63d021-ulp-concat-gulp-concat-2-5-2-tgz https://registry.npmjs.org/gulp-concat/-/gulp-concat-2.5.2.tgz
228 verbose lock https://registry.npmjs.org/gulp-concat/-/gulp-concat-2.5.2.tgz /Users/hoangnguyen/.npm/2b63d021-ulp-concat-gulp-concat-2-5-2-tgz.lock
229 verbose addRemoteTarball [ 'https://registry.npmjs.org/gulp-concat/-/gulp-concat-2.5.2.tgz',
229 verbose addRemoteTarball   'd644372cdc2b3cdb421a8a941c8d74e21d815f14' ]
230 info retry fetch attempt 1 at 10:49:16
231 verbose fetch to= /var/folders/_m/rqn95s0n5l1ffcn__hm37sdw0000gn/T/npm-13243-keUMILbx/registry.npmjs.org/gulp-concat/-/gulp-concat-2.5.2.tgz
232 http GET https://registry.npmjs.org/gulp-concat/-/gulp-concat-2.5.2.tgz
233 http 200 https://registry.npmjs.org/gulp-util/-/gulp-util-2.2.20.tgz
234 silly lockFile 34166e88-g-gulp-util-gulp-util-2-2-20-tgz https://registry.npmjs.org/gulp-util/-/gulp-util-2.2.20.tgz
235 silly lockFile 34166e88-g-gulp-util-gulp-util-2-2-20-tgz https://registry.npmjs.org/gulp-util/-/gulp-util-2.2.20.tgz
236 silly lockFile 48c194cb-gulp-util-2-2-20 gulp-util@2.2.20
237 silly lockFile 48c194cb-gulp-util-2-2-20 gulp-util@2.2.20
238 silly lockFile e3e5f16b-gulp-util-2-2-14 gulp-util@^2.2.14
239 silly lockFile e3e5f16b-gulp-util-2-2-14 gulp-util@^2.2.14
240 http 200 https://registry.npmjs.org/gulp-minify-css
241 silly registry.get cb [ 200,
241 silly registry.get   { date: 'Sat, 28 Mar 2015 08:48:04 GMT',
241 silly registry.get     server: 'CouchDB/1.5.0 (Erlang OTP/R16B03)',
241 silly registry.get     etag: '"512G5AQPIG93TW3STDYXGWHFY"',
241 silly registry.get     'content-type': 'application/json',
241 silly registry.get     'cache-control': 'max-age=60',
241 silly registry.get     'content-length': '42146',
241 silly registry.get     'accept-ranges': 'bytes',
241 silly registry.get     via: '1.1 varnish',
241 silly registry.get     age: '0',
241 silly registry.get     'x-served-by': 'cache-lcy1126-LCY',
241 silly registry.get     'x-cache': 'HIT',
241 silly registry.get     'x-cache-hits': '1',
241 silly registry.get     'x-timer': 'S1427532484.072576,VS0,VE364',
241 silly registry.get     vary: 'Accept',
241 silly registry.get     'keep-alive': 'timeout=10, max=50',
241 silly registry.get     connection: 'Keep-Alive' } ]
242 http 200 https://registry.npmjs.org/gulp-sass
243 silly registry.get cb [ 200,
243 silly registry.get   { date: 'Sat, 28 Mar 2015 08:48:04 GMT',
243 silly registry.get     server: 'CouchDB/1.5.0 (Erlang OTP/R16B03)',
243 silly registry.get     etag: '"1O6ZE3BMLE7B3M08JY6SA41XB"',
243 silly registry.get     'content-type': 'application/json',
243 silly registry.get     'cache-control': 'max-age=60',
243 silly registry.get     'content-length': '31971',
243 silly registry.get     'accept-ranges': 'bytes',
243 silly registry.get     via: '1.1 varnish',
243 silly registry.get     age: '0',
243 silly registry.get     'x-served-by': 'cache-lcy1124-LCY',
243 silly registry.get     'x-cache': 'MISS',
243 silly registry.get     'x-cache-hits': '0',
243 silly registry.get     'x-timer': 'S1427532484.055774,VS0,VE442',
243 silly registry.get     vary: 'Accept',
243 silly registry.get     'keep-alive': 'timeout=10, max=50',
243 silly registry.get     connection: 'Keep-Alive' } ]
244 silly addNameRange number 2 { name: 'gulp-minify-css',
244 silly addNameRange   range: '>=0.3.0-0 <0.4.0-0',
244 silly addNameRange   hasData: true }
245 silly addNameRange versions [ 'gulp-minify-css',
245 silly addNameRange   [ '0.0.1',
245 silly addNameRange     '0.1.0',
245 silly addNameRange     '0.2.0',
245 silly addNameRange     '0.3.0',
245 silly addNameRange     '0.3.1',
245 silly addNameRange     '0.3.2',
245 silly addNameRange     '0.3.3',
245 silly addNameRange     '0.3.4',
245 silly addNameRange     '0.3.5',
245 silly addNameRange     '0.3.6',
245 silly addNameRange     '0.3.7',
245 silly addNameRange     '0.3.8',
245 silly addNameRange     '0.3.9',
245 silly addNameRange     '0.3.10',
245 silly addNameRange     '0.3.11',
245 silly addNameRange     '0.3.12',
245 silly addNameRange     '0.3.13',
245 silly addNameRange     '0.4.0',
245 silly addNameRange     '0.4.1',
245 silly addNameRange     '0.4.2',
245 silly addNameRange     '0.4.3',
245 silly addNameRange     '0.4.4',
245 silly addNameRange     '0.4.5',
245 silly addNameRange     '0.4.6',
245 silly addNameRange     '0.5.0',
245 silly addNameRange     '0.5.1',
245 silly addNameRange     '1.0.0' ] ]
246 verbose addNamed [ 'gulp-minify-css', '0.3.13' ]
247 verbose addNamed [ '0.3.13', '0.3.13' ]
248 silly lockFile 9038a954-gulp-minify-css-0-3-13 gulp-minify-css@0.3.13
249 verbose lock gulp-minify-css@0.3.13 /Users/hoangnguyen/.npm/9038a954-gulp-minify-css-0-3-13.lock
250 http 200 https://registry.npmjs.org/bower/-/bower-1.3.12.tgz
251 silly addNameRange number 2 { name: 'gulp-sass', range: '>=1.3.3-0 <2.0.0-0', hasData: true }
252 silly addNameRange versions [ 'gulp-sass',
252 silly addNameRange   [ '0.1.0',
252 silly addNameRange     '0.2.1',
252 silly addNameRange     '0.2.2',
252 silly addNameRange     '0.2.3',
252 silly addNameRange     '0.3.0',
252 silly addNameRange     '0.4.0',
252 silly addNameRange     '0.4.1',
252 silly addNameRange     '0.5.0',
252 silly addNameRange     '0.5.1',
252 silly addNameRange     '0.5.2',
252 silly addNameRange     '0.6.0',
252 silly addNameRange     '0.7.0',
252 silly addNameRange     '0.7.1',
252 silly addNameRange     '0.7.2',
252 silly addNameRange     '0.7.3',
252 silly addNameRange     '1.0.0',
252 silly addNameRange     '1.1.0',
252 silly addNameRange     '1.2.0',
252 silly addNameRange     '1.2.1',
252 silly addNameRange     '1.2.2',
252 silly addNameRange     '1.2.3',
252 silly addNameRange     '1.2.4',
252 silly addNameRange     '1.3.0',
252 silly addNameRange     '1.3.1',
252 silly addNameRange     '1.3.2',
252 silly addNameRange     '1.3.3' ] ]
253 verbose addNamed [ 'gulp-sass', '1.3.3' ]
254 verbose addNamed [ '1.3.3', '1.3.3' ]
255 silly lockFile bd3023a4-gulp-sass-1-3-3 gulp-sass@1.3.3
256 verbose lock gulp-sass@1.3.3 /Users/hoangnguyen/.npm/bd3023a4-gulp-sass-1-3-3.lock
257 silly lockFile 8781e9f5-y-css-gulp-minify-css-0-3-13-tgz https://registry.npmjs.org/gulp-minify-css/-/gulp-minify-css-0.3.13.tgz
258 verbose lock https://registry.npmjs.org/gulp-minify-css/-/gulp-minify-css-0.3.13.tgz /Users/hoangnguyen/.npm/8781e9f5-y-css-gulp-minify-css-0-3-13-tgz.lock
259 silly lockFile 9876ba90-rg-gulp-sass-gulp-sass-1-3-3-tgz https://registry.npmjs.org/gulp-sass/-/gulp-sass-1.3.3.tgz
260 verbose lock https://registry.npmjs.org/gulp-sass/-/gulp-sass-1.3.3.tgz /Users/hoangnguyen/.npm/9876ba90-rg-gulp-sass-gulp-sass-1-3-3-tgz.lock
261 verbose addRemoteTarball [ 'https://registry.npmjs.org/gulp-minify-css/-/gulp-minify-css-0.3.13.tgz',
261 verbose addRemoteTarball   'ba813c665422868305383ccd185f239c1e35209b' ]
262 verbose addRemoteTarball [ 'https://registry.npmjs.org/gulp-sass/-/gulp-sass-1.3.3.tgz',
262 verbose addRemoteTarball   '66da87646bbfd299988c8ebbe94cefaff50e5662' ]
263 info retry fetch attempt 1 at 10:49:16
264 verbose fetch to= /var/folders/_m/rqn95s0n5l1ffcn__hm37sdw0000gn/T/npm-13243-keUMILbx/registry.npmjs.org/gulp-minify-css/-/gulp-minify-css-0.3.13.tgz
265 info retry fetch attempt 1 at 10:49:16
266 verbose fetch to= /var/folders/_m/rqn95s0n5l1ffcn__hm37sdw0000gn/T/npm-13243-keUMILbx/registry.npmjs.org/gulp-sass/-/gulp-sass-1.3.3.tgz
267 http GET https://registry.npmjs.org/gulp-minify-css/-/gulp-minify-css-0.3.13.tgz
268 http GET https://registry.npmjs.org/gulp-sass/-/gulp-sass-1.3.3.tgz
269 http 200 https://registry.npmjs.org/gulp-concat/-/gulp-concat-2.5.2.tgz
270 silly lockFile 2b63d021-ulp-concat-gulp-concat-2-5-2-tgz https://registry.npmjs.org/gulp-concat/-/gulp-concat-2.5.2.tgz
271 silly lockFile 2b63d021-ulp-concat-gulp-concat-2-5-2-tgz https://registry.npmjs.org/gulp-concat/-/gulp-concat-2.5.2.tgz
272 silly lockFile f86cbda2-gulp-concat-2-5-2 gulp-concat@2.5.2
273 silly lockFile f86cbda2-gulp-concat-2-5-2 gulp-concat@2.5.2
274 silly lockFile bade1119-gulp-concat-2-2-0 gulp-concat@^2.2.0
275 silly lockFile bade1119-gulp-concat-2-2-0 gulp-concat@^2.2.0
276 silly lockFile b05fd70b-npmjs-org-bower-bower-1-3-12-tgz https://registry.npmjs.org/bower/-/bower-1.3.12.tgz
277 silly lockFile b05fd70b-npmjs-org-bower-bower-1-3-12-tgz https://registry.npmjs.org/bower/-/bower-1.3.12.tgz
278 silly lockFile 9819431c-bower-1-3-12 bower@1.3.12
279 silly lockFile 9819431c-bower-1-3-12 bower@1.3.12
280 silly lockFile 0aa5c27e-bower-1-3-3 bower@^1.3.3
281 silly lockFile 0aa5c27e-bower-1-3-3 bower@^1.3.3
282 http 200 https://registry.npmjs.org/shelljs
283 silly registry.get cb [ 200,
283 silly registry.get   { date: 'Sat, 28 Mar 2015 08:48:04 GMT',
283 silly registry.get     server: 'CouchDB/1.5.0 (Erlang OTP/R16B03)',
283 silly registry.get     etag: '"2FHKL7WZEJD7D1XJJ26XEHV2N"',
283 silly registry.get     'content-type': 'application/json',
283 silly registry.get     'cache-control': 'max-age=60',
283 silly registry.get     'content-length': '47873',
283 silly registry.get     'accept-ranges': 'bytes',
283 silly registry.get     via: '1.1 varnish',
283 silly registry.get     age: '0',
283 silly registry.get     'x-served-by': 'cache-lcy1135-LCY',
283 silly registry.get     'x-cache': 'HIT',
283 silly registry.get     'x-cache-hits': '1',
283 silly registry.get     'x-timer': 'S1427532484.391102,VS0,VE350',
283 silly registry.get     vary: 'Accept',
283 silly registry.get     'keep-alive': 'timeout=10, max=49',
283 silly registry.get     connection: 'Keep-Alive' } ]
284 http 200 https://registry.npmjs.org/gulp-minify-css/-/gulp-minify-css-0.3.13.tgz
285 silly addNameRange number 2 { name: 'shelljs', range: '>=0.3.0-0 <0.4.0-0', hasData: true }
286 silly addNameRange versions [ 'shelljs',
286 silly addNameRange   [ '0.0.1',
286 silly addNameRange     '0.0.2',
286 silly addNameRange     '0.0.3',
286 silly addNameRange     '0.0.4',
286 silly addNameRange     '0.0.5',
286 silly addNameRange     '0.0.6',
286 silly addNameRange     '0.0.7',
286 silly addNameRange     '0.0.8',
286 silly addNameRange     '0.0.9',
286 silly addNameRange     '0.1.0',
286 silly addNameRange     '0.1.1',
286 silly addNameRange     '0.1.2',
286 silly addNameRange     '0.1.3',
286 silly addNameRange     '0.1.4',
286 silly addNameRange     '0.2.0',
286 silly addNameRange     '0.2.1',
286 silly addNameRange     '0.2.2',
286 silly addNameRange     '0.2.3',
286 silly addNameRange     '0.2.4',
286 silly addNameRange     '0.2.5',
286 silly addNameRange     '0.2.6',
286 silly addNameRange     '0.3.0',
286 silly addNameRange     '0.4.0',
286 silly addNameRange     '0.0.1-alpha1',
286 silly addNameRange     '0.0.2-pre1',
286 silly addNameRange     '0.0.4-pre1',
286 silly addNameRange     '0.0.5-pre1',
286 silly addNameRange     '0.0.5-pre2',
286 silly addNameRange     '0.0.5-pre3',
286 silly addNameRange     '0.0.5-pre4',
286 silly addNameRange     '0.0.6-pre1',
286 silly addNameRange     '0.0.6-pre2' ] ]
287 verbose addNamed [ 'shelljs', '0.3.0' ]
288 verbose addNamed [ '0.3.0', '0.3.0' ]
289 silly lockFile 7d3918b1-shelljs-0-3-0 shelljs@0.3.0
290 verbose lock shelljs@0.3.0 /Users/hoangnguyen/.npm/7d3918b1-shelljs-0-3-0.lock
291 http 200 https://registry.npmjs.org/gulp-sass/-/gulp-sass-1.3.3.tgz
292 silly lockFile 7d3918b1-shelljs-0-3-0 shelljs@0.3.0
293 silly lockFile 7d3918b1-shelljs-0-3-0 shelljs@0.3.0
294 silly lockFile 1ddaa962-shelljs-0-3-0 shelljs@^0.3.0
295 silly lockFile 1ddaa962-shelljs-0-3-0 shelljs@^0.3.0
296 silly lockFile 8781e9f5-y-css-gulp-minify-css-0-3-13-tgz https://registry.npmjs.org/gulp-minify-css/-/gulp-minify-css-0.3.13.tgz
297 silly lockFile 8781e9f5-y-css-gulp-minify-css-0-3-13-tgz https://registry.npmjs.org/gulp-minify-css/-/gulp-minify-css-0.3.13.tgz
298 silly lockFile 9038a954-gulp-minify-css-0-3-13 gulp-minify-css@0.3.13
299 silly lockFile 9038a954-gulp-minify-css-0-3-13 gulp-minify-css@0.3.13
300 silly lockFile 97140670-gulp-minify-css-0-3-0 gulp-minify-css@^0.3.0
301 silly lockFile 97140670-gulp-minify-css-0-3-0 gulp-minify-css@^0.3.0
302 silly lockFile 9876ba90-rg-gulp-sass-gulp-sass-1-3-3-tgz https://registry.npmjs.org/gulp-sass/-/gulp-sass-1.3.3.tgz
303 silly lockFile 9876ba90-rg-gulp-sass-gulp-sass-1-3-3-tgz https://registry.npmjs.org/gulp-sass/-/gulp-sass-1.3.3.tgz
304 silly lockFile bd3023a4-gulp-sass-1-3-3 gulp-sass@1.3.3
305 silly lockFile bd3023a4-gulp-sass-1-3-3 gulp-sass@1.3.3
306 silly lockFile c5cae820-gulp-sass-1-3-3 gulp-sass@^1.3.3
307 silly lockFile c5cae820-gulp-sass-1-3-3 gulp-sass@^1.3.3
308 error Error: EACCES, mkdir '/Users/hoangnguyen/.npm/gulp-util/2.2.20'
308 error  { [Error: EACCES, mkdir '/Users/hoangnguyen/.npm/gulp-util/2.2.20']
308 error   errno: 3,
308 error   code: 'EACCES',
308 error   path: '/Users/hoangnguyen/.npm/gulp-util/2.2.20',
308 error   parent: 'ionicparseseed' }
309 error Please try running this command again as root/Administrator.
310 error System Darwin 14.0.0
311 error command "node" "/usr/local/bin/npm" "install"
312 error cwd /Users/hoangnguyen/Documents/ionic/LifeSidekick
313 error node -v v0.10.32
314 error npm -v 1.4.28
315 error path /Users/hoangnguyen/.npm/gulp-util/2.2.20
316 error code EACCES
317 error errno 3
318 error stack Error: EACCES, mkdir '/Users/hoangnguyen/.npm/gulp-util/2.2.20'
319 verbose exit [ 3, true ]
